<?xml version="1.0" encoding="UTF-8"?>
<testng-results ignored="0" total="1" passed="1" failed="0" skipped="0">
  <reporter-output>
  </reporter-output>
  <suite started-at="2022-12-04T07:23:32Z" name="Default suite" finished-at="2022-12-04T07:23:34Z" duration-ms="2456">
    <groups>
    </groups>
    <test started-at="2022-12-04T07:23:32Z" name="Default test" finished-at="2022-12-04T07:23:34Z" duration-ms="2456">
      <class name="restAPI.PostRequestWithFile">
        <test-method signature="Test1()[pri:0, instance:restAPI.PostRequestWithFile@20435c40]" started-at="2022-12-04T07:23:32Z" name="Test1" finished-at="2022-12-04T07:23:34Z" duration-ms="2419" status="PASS">
          <reporter-output>
          </reporter-output>
        </test-method> <!-- Test1 -->
      </class> <!-- restAPI.PostRequestWithFile -->
    </test> <!-- Default test -->
  </suite> <!-- Default suite -->
</testng-results>
